<?xml version="1.0" encoding="UTF-8"?>
<Site BuildName="Win32-MSBuild"
	BuildStamp="20240913-1949-Experimental"
	Name="LAPTOP-TLOGLRTF"
	Generator="ctest-3.30.1"
	CompilerName="C:/Program Files/Microsoft Visual Studio/2022/Community/VC/Tools/MSVC/14.35.32215/bin/Hostx86/x64/cl.exe"
	CompilerVersion="19.35.32217.1"
	OSName="Windows"
	Hostname="LAPTOP-TLOGLRTF"
	OSRelease=" Personal"
	OSVersion=" (Build 19045)"
	OSPlatform="AMD64"
	Is64Bits="1"
	VendorString="AuthenticAMD"
	VendorID="Advanced Micro Devices"
	FamilyID="15"
	ModelID="8"
	ProcessorCacheSize="64"
	NumberOfLogicalCPU="12"
	NumberOfPhysicalCPU="6"
	TotalVirtualMemory="21327"
	TotalPhysicalMemory="7503"
	LogicalProcessorsPerPhysical="2"
	ProcessorClockFrequency="2096"
	>
	<Testing>
		<StartDateTime>Sep 13 15:49 Hora de verano del Este</StartDateTime>
		<StartTestTime>1726256944</StartTestTime>
		<TestList/>
		<EndDateTime>Sep 13 15:49 Hora de verano del Este</EndDateTime>
		<EndTestTime>1726256944</EndTestTime>
		<ElapsedMinutes>0</ElapsedMinutes>
	</Testing>
</Site>
